\BOOKMARK [1][-]{section*.1}{\376\377\000R\000e\000s\000u\000m\000e\000n}{}% 1
\BOOKMARK [1][-]{section*.3}{\376\377\000G\000l\000o\000s\000a\000r\000i\000o\000\040\000d\000e\000\040\000t\000\351\000r\000m\000i\000n\000o\000s\000\040\000y\000\040\000a\000c\000r\000\363\000n\000i\000m\000o\000s}{}% 2
\BOOKMARK [1][-]{section.1}{\376\377\000I\000n\000t\000r\000o\000d\000u\000c\000c\000i\000\363\000n\000\040\000d\000e\000l\000\040\000p\000r\000o\000y\000e\000c\000t\000o}{}% 3
\BOOKMARK [2][-]{subsection.1.1}{\376\377\000R\000e\000s\000u\000m\000e\000n\000\040\000d\000e\000\040\000o\000b\000j\000e\000t\000i\000v\000o\000s}{section.1}% 4
\BOOKMARK [1][-]{section.2}{\376\377\000D\000e\000s\000c\000r\000i\000p\000c\000i\000\363\000n\000\040\000d\000e\000l\000\040\000p\000r\000o\000y\000e\000c\000t\000o}{}% 5
\BOOKMARK [2][-]{subsection.2.1}{\376\377\000E\000s\000t\000a\000d\000o\000\040\000d\000e\000l\000\040\000a\000r\000t\000e}{section.2}% 6
\BOOKMARK [3][-]{subsubsection.2.1.1}{\376\377\000F\000u\000n\000d\000a\000m\000e\000n\000t\000o\000s\000\040\000t\000e\000\363\000r\000i\000c\000o\000s}{subsection.2.1}% 7
\BOOKMARK [3][-]{subsubsection.2.1.2}{\376\377\000M\000e\000d\000i\000c\000i\000\363\000n\000\040\000d\000e\000\040\000l\000a\000\040\000i\000m\000p\000e\000d\000a\000n\000c\000i\000a}{subsection.2.1}% 8
\BOOKMARK [2][-]{subsection.2.2}{\376\377\000O\000b\000j\000e\000t\000i\000v\000o\000s\000\040\000d\000e\000l\000\040\000p\000r\000o\000y\000e\000c\000t\000o}{section.2}% 9
\BOOKMARK [1][-]{section.3}{\376\377\000P\000l\000a\000n\000i\000f\000i\000c\000a\000c\000i\000\363\000n\000\040\000d\000e\000l\000\040\000p\000r\000o\000y\000e\000c\000t\000o}{}% 10
\BOOKMARK [2][-]{subsection.3.1}{\376\377\000A\000n\000\341\000l\000i\000s\000i\000s\000\040\000d\000e\000\040\000r\000e\000q\000u\000i\000s\000i\000t\000o\000s}{section.3}% 11
\BOOKMARK [2][-]{subsection.3.2}{\376\377\000E\000l\000e\000c\000c\000i\000\363\000n\000\040\000d\000e\000\040\000c\000o\000m\000p\000o\000n\000e\000n\000t\000e\000s\000\040\000y\000\040\000h\000e\000r\000r\000a\000m\000i\000e\000n\000t\000a\000s}{section.3}% 12
\BOOKMARK [3][-]{subsubsection.3.2.1}{\376\377\000M\000i\000c\000r\000o\000c\000o\000n\000t\000r\000o\000l\000a\000d\000o\000r}{subsection.3.2}% 13
\BOOKMARK [3][-]{subsubsection.3.2.2}{\376\377\000R\000e\000s\000i\000s\000t\000e\000n\000c\000i\000a\000s}{subsection.3.2}% 14
\BOOKMARK [3][-]{subsubsection.3.2.3}{\376\377\000S\000o\000f\000t\000w\000a\000r\000e}{subsection.3.2}% 15
\BOOKMARK [3][-]{subsubsection.3.2.4}{\376\377\000I\000n\000f\000r\000a\000e\000s\000t\000r\000u\000c\000t\000u\000r\000a\000\040\000d\000e\000\040\000c\000o\000m\000p\000i\000l\000a\000c\000i\000\363\000n\000\040\000y\000\040\000e\000j\000e\000c\000u\000c\000i\000\363\000n}{subsection.3.2}% 16
\BOOKMARK [3][-]{subsubsection.3.2.5}{\376\377\000E\000j\000e\000c\000u\000c\000i\000\363\000n\000\040\000d\000e\000l\000\040\000f\000i\000r\000m\000w\000a\000r\000e\000\040\000y\000\040\000o\000r\000g\000a\000n\000i\000z\000a\000c\000i\000\363\000n\000\040\000d\000e\000\040\000m\000e\000m\000o\000r\000i\000a}{subsection.3.2}% 17
\BOOKMARK [3][-]{subsubsection.3.2.6}{\376\377\000I\000n\000s\000t\000r\000u\000m\000e\000n\000t\000a\000c\000i\000\363\000n\000\040\000d\000e\000\040\000l\000a\000b\000o\000r\000a\000t\000o\000r\000i\000o}{subsection.3.2}% 18
\BOOKMARK [3][-]{subsubsection.3.2.7}{\376\377\000O\000t\000r\000o\000s\000\040\000c\000o\000m\000p\000o\000n\000e\000n\000t\000e\000s\000\040\000c\000o\000n\000s\000i\000d\000e\000r\000a\000d\000o\000s}{subsection.3.2}% 19
\BOOKMARK [2][-]{subsection.3.3}{\376\377\000A\000n\000\341\000l\000i\000s\000i\000s\000\040\000d\000e\000\040\000c\000o\000s\000t\000e\000s\000\040\000e\000s\000t\000i\000m\000a\000d\000o\000s}{section.3}% 20
\BOOKMARK [2][-]{subsection.3.4}{\376\377\000P\000l\000a\000n\000i\000f\000i\000c\000a\000c\000i\000\363\000n\000\040\000d\000e\000\040\000h\000i\000t\000o\000s}{section.3}% 21
\BOOKMARK [3][-]{subsubsection.3.4.1}{\376\377\000H\0001\000\040\040\023\000\040\000A\000p\000r\000e\000n\000d\000i\000z\000a\000j\000e\000\040\000y\000\040\000e\000n\000t\000o\000r\000n\000o\000\040\000R\000u\000s\000t\000\040\000e\000m\000b\000e\000b\000i\000d\000o\000\040\000f\000u\000n\000c\000i\000o\000n\000a\000l}{subsection.3.4}% 22
\BOOKMARK [3][-]{subsubsection.3.4.2}{\376\377\000H\0002\000\040\040\023\000\040\000G\000e\000n\000e\000r\000a\000c\000i\000\363\000n\000\040\000d\000e\000\040\000s\000e\000\361\000a\000l\000\040\000s\000e\000n\000o\000i\000d\000a\000l\000\040\000m\000e\000d\000i\000a\000n\000t\000e\000\040\000D\000A\000C}{subsection.3.4}% 23
\BOOKMARK [3][-]{subsubsection.3.4.3}{\376\377\000H\0003\000\040\040\023\000\040\000A\000d\000q\000u\000i\000s\000i\000c\000i\000\363\000n\000\040\000d\000e\000\040\000s\000e\000\361\000a\000l\000\040\000m\000e\000d\000i\000a\000n\000t\000e\000\040\000A\000D\000C}{subsection.3.4}% 24
\BOOKMARK [3][-]{subsubsection.3.4.4}{\376\377\000H\0004\000\040\040\023\000\040\000V\000a\000l\000i\000d\000a\000c\000i\000\363\000n\000\040\000e\000x\000p\000e\000r\000i\000m\000e\000n\000t\000a\000l\000\040\000c\000o\000n\000\040\000A\000n\000a\000l\000o\000g\000\040\000D\000i\000s\000c\000o\000v\000e\000r\000y\000\040\0003}{subsection.3.4}% 25
\BOOKMARK [3][-]{subsubsection.3.4.5}{\376\377\000H\0005\000\040\040\023\000\040\000D\000o\000c\000u\000m\000e\000n\000t\000a\000c\000i\000\363\000n\000\040\000y\000\040\000c\000i\000e\000r\000r\000e\000\040\000d\000e\000l\000\040\000p\000r\000o\000y\000e\000c\000t\000o}{subsection.3.4}% 26
\BOOKMARK [3][-]{subsubsection.3.4.6}{\376\377\000R\000e\000s\000u\000m\000e\000n\000\040\000t\000e\000m\000p\000o\000r\000a\000l}{subsection.3.4}% 27
\BOOKMARK [3][-]{subsubsection.3.4.7}{\376\377\000D\000i\000a\000g\000r\000a\000m\000a\000\040\000d\000e\000\040\000G\000a\000n\000t\000t}{subsection.3.4}% 28
\BOOKMARK [1][-]{section.4}{\376\377\000D\000e\000s\000a\000r\000r\000o\000l\000l\000o\000\040\000d\000e\000l\000\040\000p\000r\000o\000y\000e\000c\000t\000o}{}% 29
\BOOKMARK [2][-]{subsection.4.1}{\376\377\000F\000u\000n\000d\000a\000m\000e\000n\000t\000o\000s\000\040\000d\000e\000l\000\040\000S\000i\000s\000t\000e\000m\000a\000\040\000M\000i\000c\000r\000o\000c\000o\000n\000t\000r\000o\000l\000a\000d\000o\000r}{section.4}% 30
\BOOKMARK [2][-]{subsection.4.2}{\376\377\000D\000i\000s\000e\000\361\000o\000\040\000d\000e\000l\000\040\000s\000i\000s\000t\000e\000m\000a}{section.4}% 31
\BOOKMARK [3][-]{subsubsection.4.2.1}{\376\377\000F\000u\000n\000c\000i\000o\000n\000a\000m\000i\000e\000n\000t\000o\000\040\000i\000n\000t\000e\000g\000r\000a\000d\000o}{subsection.4.2}% 32
\BOOKMARK [2][-]{subsection.4.3}{\376\377\000D\000e\000s\000a\000r\000r\000o\000l\000l\000o\000\040\000d\000e\000l\000\040\000s\000i\000s\000t\000e\000m\000a\000\040\000\050\000F\000a\000s\000e\000s\000\051}{section.4}% 33
\BOOKMARK [3][-]{subsubsection.4.3.1}{\376\377\000F\0001\000:\000\040\000P\000l\000a\000n\000t\000e\000a\000m\000i\000e\000n\000t\000o\000\040\000y\000\040\000e\000s\000t\000u\000d\000i\000o\000\040\000i\000n\000i\000c\000i\000a\000l}{subsection.4.3}% 34
\BOOKMARK [3][-]{subsubsection.4.3.2}{\376\377\000F\0002\000:\000\040\000A\000p\000r\000e\000n\000d\000i\000z\000a\000j\000e\000\040\000d\000e\000\040\000R\000u\000s\000t\000\040\000e\000m\000b\000e\000b\000i\000d\000o\000\040\000e\000\040\000i\000n\000f\000r\000a\000e\000s\000t\000r\000u\000c\000t\000u\000r\000a}{subsection.4.3}% 35
\BOOKMARK [3][-]{subsubsection.4.3.3}{\376\377\000F\0003\000:\000\040\000E\000s\000t\000u\000d\000i\000o\000\040\000d\000e\000l\000\040\000S\000T\000M\0003\0002\000G\0004\0007\0004\000R\000E\000\040\000y\000\040\000p\000e\000r\000i\000f\000\351\000r\000i\000c\000o\000s\000\040\000a\000n\000a\000l\000\363\000g\000i\000c\000o\000s}{subsection.4.3}% 36
\BOOKMARK [3][-]{subsubsection.4.3.4}{\376\377\000F\0004\000:\000\040\000P\000r\000o\000t\000o\000t\000i\000p\000o\000s\000\040\000m\000\355\000n\000i\000m\000o\000s\000\040\000d\000e\000\040\000G\000P\000I\000O\000,\000\040\000D\000A\000C\000\040\000y\000\040\000A\000D\000C}{subsection.4.3}% 37
\BOOKMARK [3][-]{subsubsection.4.3.5}{\376\377\000F\0005\000:\000\040\000I\000n\000t\000e\000g\000r\000a\000c\000i\000\363\000n\000\040\000D\000A\000C\000-\000D\000M\000A\000-\000T\000I\000M\0006}{subsection.4.3}% 38
\BOOKMARK [3][-]{subsubsection.4.3.6}{\376\377\000F\0006\000:\000\040\000I\000n\000t\000e\000g\000r\000a\000c\000i\000\363\000n\000\040\000A\000D\000C\000-\000D\000M\000A\000\040\000y\000\040\000l\000e\000c\000t\000u\000r\000a\000\040\000d\000e\000\040\000m\000u\000e\000s\000t\000r\000a\000s}{subsection.4.3}% 39
\BOOKMARK [3][-]{subsubsection.4.3.7}{\376\377\000F\0007\000:\000\040\000S\000e\000l\000e\000c\000c\000i\000\363\000n\000\040\000d\000e\000\040\000p\000e\000r\000f\000i\000l\000e\000s\000\040\000d\000e\000\040\000f\000r\000e\000c\000u\000e\000n\000c\000i\000a\000\040\000m\000e\000d\000i\000a\000n\000t\000e\000\040\000p\000u\000l\000s\000a\000d\000o\000r}{subsection.4.3}% 40
\BOOKMARK [3][-]{subsubsection.4.3.8}{\376\377\000F\0008\000:\000\040\000V\000a\000l\000i\000d\000a\000c\000i\000\363\000n\000\040\000e\000x\000p\000e\000r\000i\000m\000e\000n\000t\000a\000l\000\040\000c\000o\000n\000\040\000c\000a\000r\000g\000a\000\040\000r\000e\000s\000i\000s\000t\000i\000v\000a\000-\000c\000a\000p\000a\000c\000i\000t\000i\000v\000a}{subsection.4.3}% 41
\BOOKMARK [2][-]{subsection.4.4}{\376\377\000S\000e\000g\000u\000i\000m\000i\000e\000n\000t\000o\000\040\000d\000e\000\040\000l\000a\000\040\000p\000l\000a\000n\000i\000f\000i\000c\000a\000c\000i\000\363\000n}{section.4}% 42
\BOOKMARK [2][-]{subsection.4.5}{\376\377\000P\000l\000a\000n\000\040\000d\000e\000\040\000p\000r\000u\000e\000b\000a\000s}{section.4}% 43
\BOOKMARK [1][-]{section.5}{\376\377\000C\000i\000e\000r\000r\000e\000\040\000d\000e\000l\000\040\000d\000o\000c\000u\000m\000e\000n\000t\000o}{}% 44
\BOOKMARK [2][-]{subsection.5.1}{\376\377\000C\000o\000n\000c\000l\000u\000s\000i\000o\000n\000e\000s}{section.5}% 45
\BOOKMARK [2][-]{subsection.5.2}{\376\377\000G\000a\000l\000e\000r\000\355\000a\000\040\000d\000e\000\040\000f\000i\000g\000u\000r\000a\000s}{section.5}% 46
\BOOKMARK [1][-]{section*.38}{\376\377\000B\000i\000b\000l\000i\000o\000g\000r\000a\000f\000\355\000a}{}% 47
\BOOKMARK [1][-]{appendix.Alph1}{\376\377\000A\000n\000e\000x\000o\000s}{}% 48
\BOOKMARK [2][-]{subsection.Alph1.1}{\376\377\000I\000m\000p\000l\000e\000m\000e\000n\000t\000a\000c\000i\000\363\000n\000\040\000d\000e\000l\000\040\000F\000i\000r\000m\000w\000a\000r\000e\000\040\000e\000n\000\040\000R\000u\000s\000t}{appendix.Alph1}% 49
\BOOKMARK [2][-]{subsection.Alph1.2}{\376\377\000C\000o\000n\000f\000i\000g\000u\000r\000a\000c\000i\000\363\000n\000\040\000d\000e\000\040\000P\000e\000r\000i\000f\000\351\000r\000i\000c\000o\000s\000\040\000y\000\040\000B\000u\000c\000l\000e\000\040\000P\000r\000i\000n\000c\000i\000p\000a\000l}{appendix.Alph1}% 50
\BOOKMARK [2][-]{subsection.Alph1.3}{\376\377\000G\000e\000s\000t\000i\000\363\000n\000\040\000d\000e\000\040\000p\000e\000r\000f\000i\000l\000e\000s\000\040\000d\000e\000\040\000f\000r\000e\000c\000u\000e\000n\000c\000i\000a\000\040\000y\000\040\000p\000u\000l\000s\000a\000d\000o\000r\000\040\000d\000e\000\040\000u\000s\000u\000a\000r\000i\000o}{appendix.Alph1}% 51
\BOOKMARK [2][-]{subsection.Alph1.4}{\376\377\000D\000e\000t\000a\000l\000l\000e\000s\000\040\000d\000e\000\040\000l\000a\000\040\000S\000\355\000n\000t\000e\000s\000i\000s\000\040\000D\000i\000g\000i\000t\000a\000l\000\040\000D\000i\000r\000e\000c\000t\000a\000\040\000\050\000D\000D\000S\000\051}{appendix.Alph1}% 52
\BOOKMARK [2][-]{subsection.Alph1.5}{\376\377\000U\000s\000o\000\040\000d\000e\000\040\000i\000n\000t\000e\000l\000i\000g\000e\000n\000c\000i\000a\000\040\000a\000r\000t\000i\000f\000i\000c\000i\000a\000l\000\040\000g\000e\000n\000e\000r\000a\000t\000i\000v\000a}{appendix.Alph1}% 53
